[INFO] Scanning for projects...
[INFO] 
[INFO] -------------------------< com.uknight:server >-------------------------
[INFO] Building server 0.0.1-SNAPSHOT
[INFO]   from pom.xml
[INFO] --------------------------------[ jar ]---------------------------------
[INFO] 
[INFO] --- clean:3.5.0:clean (default-clean) @ server ---
[INFO] Deleting C:\Users\Pranavsai.Gandikota\Downloads\uKnight-main\backend\server\target
[INFO] 
[INFO] --- resources:3.3.1:resources (default-resources) @ server ---
[INFO] Copying 1 resource from src\main\resources to target\classes
[INFO] Copying 0 resource from src\main\resources to target\classes
[INFO] 
[INFO] --- compiler:3.14.1:compile (default-compile) @ server ---
[INFO] Recompiling the module because of changed source code.
[INFO] Compiling 7 source files with javac [debug parameters release 17] to target\classes
[INFO] ------------------------------------------------------------------------
[INFO] BUILD SUCCESS
[INFO] ------------------------------------------------------------------------
[INFO] Total time:  7.786 s
[INFO] Finished at: 2026-02-15T21:03:24-08:00
[INFO] ------------------------------------------------------------------------
