[INFO] Scanning for projects...
[INFO] 
[INFO] -------------------------< com.uknight:server >-------------------------
[INFO] Building server 0.0.1-SNAPSHOT
[INFO]   from pom.xml
[INFO] --------------------------------[ jar ]---------------------------------
[INFO] 
[INFO] >>> spring-boot:4.0.2:run (default-cli) > test-compile @ server >>>
[INFO] 
[INFO] --- resources:3.3.1:resources (default-resources) @ server ---
[INFO] Copying 1 resource from src\main\resources to target\classes
[INFO] Copying 0 resource from src\main\resources to target\classes
[INFO] 
[INFO] --- compiler:3.14.1:compile (default-compile) @ server ---
[INFO] Nothing to compile - all classes are up to date.
[INFO] 
[INFO] --- resources:3.3.1:testResources (default-testResources) @ server ---
[INFO] skip non existing resourceDirectory C:\Users\Pranavsai.Gandikota\Downloads\uKnight-main\backend\server\src\test\resources
[INFO] 
[INFO] --- compiler:3.14.1:testCompile (default-testCompile) @ server ---
[INFO] Nothing to compile - all classes are up to date.
[INFO] 
[INFO] <<< spring-boot:4.0.2:run (default-cli) < test-compile @ server <<<
[INFO] 
[INFO] 
[INFO] --- spring-boot:4.0.2:run (default-cli) @ server ---
[INFO] Attaching agents: []

  .   ____          _            __ _ _
 /\\ / ___'_ __ _ _(_)_ __  __ _ \ \ \ \
( ( )\___ | '_ | '_| | '_ \/ _` | \ \ \ \
 \\/  ___)| |_)| | | | | || (_| |  ) ) ) )
  '  |____| .__|_| |_|_| |_\__, | / / / /
 =========|_|==============|___/=/_/_/_/

 :: Spring Boot ::                (v4.0.2)

2026-02-16T09:19:09.852-08:00  INFO 31804 --- [server] [  restartedMain] com.uknight.server.ServerApplication     : Starting ServerApplication using Java 17.0.17 with PID 31804 (C:\Users\Pranavsai.Gandikota\Downloads\uKnight-main\backend\server\target\classes started by Pranavsai.Gandikota in C:\Users\Pranavsai.Gandikota\Downloads\uKnight-main\backend\server)
2026-02-16T09:19:09.870-08:00  INFO 31804 --- [server] [  restartedMain] com.uknight.server.ServerApplication     : No active profile set, falling back to 1 default profile: "default"
2026-02-16T09:19:09.976-08:00  INFO 31804 --- [server] [  restartedMain] .e.DevToolsPropertyDefaultsPostProcessor : Devtools property defaults active! Set 'spring.devtools.add-properties' to 'false' to disable
2026-02-16T09:19:09.978-08:00  INFO 31804 --- [server] [  restartedMain] .e.DevToolsPropertyDefaultsPostProcessor : For additional web related logging consider setting the 'logging.level.web' property to 'DEBUG'
2026-02-16T09:19:12.132-08:00  INFO 31804 --- [server] [  restartedMain] .s.d.r.c.RepositoryConfigurationDelegate : Bootstrapping Spring Data JPA repositories in DEFAULT mode.
2026-02-16T09:19:12.276-08:00  INFO 31804 --- [server] [  restartedMain] .s.d.r.c.RepositoryConfigurationDelegate : Finished Spring Data repository scanning in 121 ms. Found 1 JPA repository interface.
2026-02-16T09:19:13.856-08:00  INFO 31804 --- [server] [  restartedMain] o.s.boot.tomcat.TomcatWebServer          : Tomcat initialized with port 8080 (http)
2026-02-16T09:19:13.891-08:00  INFO 31804 --- [server] [  restartedMain] o.apache.catalina.core.StandardService   : Starting service [Tomcat]
2026-02-16T09:19:13.891-08:00  INFO 31804 --- [server] [  restartedMain] o.apache.catalina.core.StandardEngine    : Starting Servlet engine: [Apache Tomcat/11.0.15]
2026-02-16T09:19:14.006-08:00  INFO 31804 --- [server] [  restartedMain] b.w.c.s.WebApplicationContextInitializer : Root WebApplicationContext: initialization completed in 4027 ms
2026-02-16T09:19:14.317-08:00  INFO 31804 --- [server] [  restartedMain] org.hibernate.orm.jpa                    : HHH008540: Processing PersistenceUnitInfo [name: default]
2026-02-16T09:19:14.575-08:00  INFO 31804 --- [server] [  restartedMain] org.hibernate.orm.core                   : HHH000001: Hibernate ORM core version 7.2.1.Final
2026-02-16T09:19:15.785-08:00  INFO 31804 --- [server] [  restartedMain] o.s.o.j.p.SpringPersistenceUnitInfo      : No LoadTimeWeaver setup: ignoring JPA class transformer
2026-02-16T09:19:15.923-08:00  INFO 31804 --- [server] [  restartedMain] com.zaxxer.hikari.HikariDataSource       : HikariPool-1 - Starting...
2026-02-16T09:19:17.119-08:00  INFO 31804 --- [server] [  restartedMain] com.zaxxer.hikari.pool.HikariPool        : HikariPool-1 - Added connection org.postgresql.jdbc.PgConnection@66f73f18
2026-02-16T09:19:17.124-08:00  INFO 31804 --- [server] [  restartedMain] com.zaxxer.hikari.HikariDataSource       : HikariPool-1 - Start completed.
2026-02-16T09:19:17.221-08:00  WARN 31804 --- [server] [  restartedMain] org.hibernate.orm.deprecation            : HHH90000025: PostgreSQLDialect does not need to be specified explicitly using 'hibernate.dialect' (remove the property setting and it will be selected by default)
2026-02-16T09:19:17.355-08:00  INFO 31804 --- [server] [  restartedMain] org.hibernate.orm.connections.pooling    : HHH10001005: Database info:
	Database JDBC URL [jdbc:postgresql://35.227.5.149:5432/uknight_db]
	Database driver: PostgreSQL JDBC Driver
	Database dialect: PostgreSQLDialect
	Database version: 18.2
	Default catalog/schema: uknight_db/public
	Autocommit mode: undefined/unknown
	Isolation level: READ_COMMITTED [default READ_COMMITTED]
	JDBC fetch size: none
	Pool: DataSourceConnectionProvider
	Minimum pool size: undefined/unknown
	Maximum pool size: undefined/unknown
2026-02-16T09:19:19.094-08:00  INFO 31804 --- [server] [  restartedMain] org.hibernate.orm.core                   : HHH000489: No JTA platform available (set 'hibernate.transaction.jta.platform' to enable JTA platform integration)
Hibernate: create table user_class_list (user_id uuid not null, class_list varchar(255))
Hibernate: create table user_interests (user_id uuid not null, interests varchar(255))
Hibernate: create table users (id uuid not null, email varchar(255) not null, gender varchar(255), is_reported boolean not null, is_verified boolean not null, joined_date timestamp(6), password varchar(255) not null, people_met_count integer, profile_picture_url varchar(255), school_email varchar(255), school_year integer, show_username boolean not null, time_spent bigint, university_name varchar(255), username varchar(255) not null, primary key (id))
Hibernate: alter table if exists users drop constraint if exists UK6dotkott2kjsp8vw4d0m25fb7
2026-02-16T09:19:19.430-08:00  WARN 31804 --- [server] [  restartedMain] org.hibernate.orm.jdbc.warn              : HHH000247: ErrorCode: 0, SQLState: 00000
2026-02-16T09:19:19.430-08:00  WARN 31804 --- [server] [  restartedMain] org.hibernate.orm.jdbc.warn              : constraint "uk6dotkott2kjsp8vw4d0m25fb7" of relation "users" does not exist, skipping
Hibernate: alter table if exists users add constraint UK6dotkott2kjsp8vw4d0m25fb7 unique (email)
Hibernate: alter table if exists users drop constraint if exists UKr43af9ap4edm43mmtq01oddj6
2026-02-16T09:19:19.476-08:00  WARN 31804 --- [server] [  restartedMain] org.hibernate.orm.jdbc.warn              : HHH000247: ErrorCode: 0, SQLState: 00000
2026-02-16T09:19:19.476-08:00  WARN 31804 --- [server] [  restartedMain] org.hibernate.orm.jdbc.warn              : constraint "ukr43af9ap4edm43mmtq01oddj6" of relation "users" does not exist, skipping
Hibernate: alter table if exists users add constraint UKr43af9ap4edm43mmtq01oddj6 unique (username)
Hibernate: alter table if exists user_class_list add constraint FKcqx7hhfq4kiffihiyh82apxi3 foreign key (user_id) references users
Hibernate: alter table if exists user_interests add constraint FKdv9fflrh61wyuujfwx2yn1tb4 foreign key (user_id) references users
2026-02-16T09:19:19.557-08:00  INFO 31804 --- [server] [  restartedMain] j.LocalContainerEntityManagerFactoryBean : Initialized JPA EntityManagerFactory for persistence unit 'default'
2026-02-16T09:19:19.797-08:00  WARN 31804 --- [server] [  restartedMain] .s.a.UserDetailsServiceAutoConfiguration : 

Using generated security password: 95aaf22c-a6fb-4395-848c-f35b42802dd5

This generated password is for development use only. Your security configuration must be updated before running your application in production.

2026-02-16T09:19:19.808-08:00  INFO 31804 --- [server] [  restartedMain] r$InitializeUserDetailsManagerConfigurer : Global AuthenticationManager configured with UserDetailsService bean with name inMemoryUserDetailsManager
2026-02-16T09:19:20.487-08:00  INFO 31804 --- [server] [  restartedMain] o.s.d.j.r.query.QueryEnhancerFactories   : Hibernate is in classpath; If applicable, HQL parser will be used.
2026-02-16T09:19:20.841-08:00  INFO 31804 --- [server] [  restartedMain] o.s.m.s.b.SimpleBrokerMessageHandler     : Starting...
2026-02-16T09:19:20.842-08:00  INFO 31804 --- [server] [  restartedMain] o.s.m.s.b.SimpleBrokerMessageHandler     : BrokerAvailabilityEvent[available=true, SimpleBrokerMessageHandler [org.springframework.messaging.simp.broker.DefaultSubscriptionRegistry@43a534ea]]
2026-02-16T09:19:20.842-08:00  INFO 31804 --- [server] [  restartedMain] o.s.m.s.b.SimpleBrokerMessageHandler     : Started.
2026-02-16T09:19:20.858-08:00  INFO 31804 --- [server] [  restartedMain] o.s.m.s.b.SimpleBrokerMessageHandler     : Stopping...
2026-02-16T09:19:20.858-08:00  INFO 31804 --- [server] [  restartedMain] o.s.m.s.b.SimpleBrokerMessageHandler     : BrokerAvailabilityEvent[available=false, SimpleBrokerMessageHandler [org.springframework.messaging.simp.broker.DefaultSubscriptionRegistry@43a534ea]]
2026-02-16T09:19:20.858-08:00  INFO 31804 --- [server] [  restartedMain] o.s.m.s.b.SimpleBrokerMessageHandler     : Stopped.
2026-02-16T09:19:20.858-08:00  WARN 31804 --- [server] [  restartedMain] ConfigServletWebServerApplicationContext : Exception encountered during context initialization - cancelling refresh attempt: org.springframework.context.ApplicationContextException: Failed to start bean 'webServerStartStop'
2026-02-16T09:19:20.860-08:00  INFO 31804 --- [server] [  restartedMain] j.LocalContainerEntityManagerFactoryBean : Closing JPA EntityManagerFactory for persistence unit 'default'
2026-02-16T09:19:20.864-08:00  INFO 31804 --- [server] [  restartedMain] com.zaxxer.hikari.HikariDataSource       : HikariPool-1 - Shutdown initiated...
2026-02-16T09:19:21.157-08:00  INFO 31804 --- [server] [  restartedMain] com.zaxxer.hikari.HikariDataSource       : HikariPool-1 - Shutdown completed.
2026-02-16T09:19:21.171-08:00  INFO 31804 --- [server] [  restartedMain] .s.b.a.l.ConditionEvaluationReportLogger : 

Error starting ApplicationContext. To display the condition evaluation report re-run your application with 'debug' enabled.
2026-02-16T09:19:21.194-08:00 ERROR 31804 --- [server] [  restartedMain] o.s.b.d.LoggingFailureAnalysisReporter   : 

***************************
APPLICATION FAILED TO START
***************************

Description:

Web server failed to start. Port 8080 was already in use.

Action:

Identify and stop the process that's listening on port 8080 or configure this application to listen on another port.

[INFO] ------------------------------------------------------------------------
[INFO] BUILD SUCCESS
[INFO] ------------------------------------------------------------------------
[INFO] Total time:  29.318 s
[INFO] Finished at: 2026-02-16T09:19:21-08:00
[INFO] ------------------------------------------------------------------------
